# JRE version: OpenJDK Runtime Environment GraalVM CE 22.3.0 (17.0.5+8) (build 17.0.5+8-jvmci-22.3-b08)
# Java VM: OpenJDK 64-Bit Server VM GraalVM CE 22.3.0 (17.0.5+8-jvmci-22.3-b08, mixed mode, sharing, tiered, jvmci, jvmci compiler, compressed oops, compressed class ptrs, parallel gc, linux-amd64)
GC Precious Log:
 CPUs: 8 total, 1 available
 Memory: 1024M
 Large Page Support: Disabled
 NUMA Support: Disabled
 Compressed Oops: Enabled (32-bit)
 Alignments: Space 512K, Generation 512K, Heap 2M
 Heap Min Capacity: 100M
 Heap Initial Capacity: 100M
 Heap Max Capacity: 512M
 Pre-touch: Disabled
 Parallel Workers: 1
Heap:
 PSYoungGen      total 45568K, used 19967K [0x00000000f5580000, 0x00000000f9c00000, 0x0000000100000000)
  eden space 19968K, 99% used [0x00000000f5580000,0x00000000f68ffff0,0x00000000f6900000)
  from space 25600K, 0% used [0x00000000f6900000,0x00000000f6900000,0x00000000f8200000)
  to   space 24576K, 0% used [0x00000000f8400000,0x00000000f8400000,0x00000000f9c00000)
 ParOldGen       total 349696K, used 349695K [0x00000000e0000000, 0x00000000f5580000, 0x00000000f5580000)
  object space 349696K, 99% used [0x00000000e0000000,0x00000000f557fff8,0x00000000f5580000)
 Metaspace       used 50769K, committed 51520K, reserved 1097728K
  class space    used 4840K, committed 5184K, reserved 1048576K
GC Heap History (20 events):
Event: 1329.851 GC heap before
{Heap before GC invocations=642 (full 529):
 PSYoungGen      total 45568K, used 19967K [0x00000000f5580000, 0x00000000f9c00000, 0x0000000100000000)
  eden space 19968K, 99% used [0x00000000f5580000,0x00000000f68fffd8,0x00000000f6900000)
  from space 25600K, 0% used [0x00000000f6900000,0x00000000f6900000,0x00000000f8200000)
  to   space 24576K, 0% used [0x00000000f8400000,0x00000000f8400000,0x00000000f9c00000)
 ParOldGen       total 349696K, used 349695K [0x00000000e0000000, 0x00000000f5580000, 0x00000000f5580000)
  object space 349696K, 99% used [0x00000000e0000000,0x00000000f557fe18,0x00000000f5580000)
 Metaspace       used 50769K, committed 51520K, reserved 1097728K
  class space    used 4840K, committed 5184K, reserved 1048576K
}
Event: 1331.946 GC heap after
{Heap after GC invocations=642 (full 529):
 PSYoungGen      total 44544K, used 19967K [0x00000000f5580000, 0x00000000f9c00000, 0x0000000100000000)
  eden space 19968K, 99% used [0x00000000f5580000,0x00000000f68fffb8,0x00000000f6900000)
  from space 24576K, 0% used [0x00000000f8400000,0x00000000f8400000,0x00000000f9c00000)
  to   space 25600K, 0% used [0x00000000f6900000,0x00000000f6900000,0x00000000f8200000)
 ParOldGen       total 349696K, used 349695K [0x00000000e0000000, 0x00000000f5580000, 0x00000000f5580000)
  object space 349696K, 99% used [0x00000000e0000000,0x00000000f557fe18,0x00000000f5580000)
 Metaspace       used 50769K, committed 51520K, reserved 1097728K
  class space    used 4840K, committed 5184K, reserved 1048576K
}
Event: 1331.997 GC heap before
{Heap before GC invocations=643 (full 530):
 PSYoungGen      total 44544K, used 19967K [0x00000000f5580000, 0x00000000f9c00000, 0x0000000100000000)
  eden space 19968K, 99% used [0x00000000f5580000,0x00000000f68ffff0,0x00000000f6900000)
  from space 24576K, 0% used [0x00000000f8400000,0x00000000f8400000,0x00000000f9c00000)
  to   space 25600K, 0% used [0x00000000f6900000,0x00000000f6900000,0x00000000f8200000)
 ParOldGen       total 349696K, used 349696K [0x00000000e0000000, 0x00000000f5580000, 0x00000000f5580000)
  object space 349696K, 100% used [0x00000000e0000000,0x00000000f5580000,0x00000000f5580000)
 Metaspace       used 50769K, committed 51520K, reserved 1097728K
  class space    used 4840K, committed 5184K, reserved 1048576K
}
Event: 1334.234 GC heap after
{Heap after GC invocations=643 (full 530):
 PSYoungGen      total 45568K, used 19967K [0x00000000f5580000, 0x00000000f9c00000, 0x0000000100000000)
  eden space 19968K, 99% used [0x00000000f5580000,0x00000000f68ffee0,0x00000000f6900000)
  from space 25600K, 0% used [0x00000000f6900000,0x00000000f6900000,0x00000000f8200000)
  to   space 24576K, 0% used [0x00000000f8400000,0x00000000f8400000,0x00000000f9c00000)
 ParOldGen       total 349696K, used 349695K [0x00000000e0000000, 0x00000000f5580000, 0x00000000f5580000)
  object space 349696K, 99% used [0x00000000e0000000,0x00000000f557fe50,0x00000000f5580000)
 Metaspace       used 50769K, committed 51520K, reserved 1097728K
  class space    used 4840K, committed 5184K, reserved 1048576K
}
Event: 1334.234 GC heap before
{Heap before GC invocations=644 (full 531):
 PSYoungGen      total 45568K, used 19967K [0x00000000f5580000, 0x00000000f9c00000, 0x0000000100000000)
  eden space 19968K, 99% used [0x00000000f5580000,0x00000000f68ffff0,0x00000000f6900000)
  from space 25600K, 0% used [0x00000000f6900000,0x00000000f6900000,0x00000000f8200000)
  to   space 24576K, 0% used [0x00000000f8400000,0x00000000f8400000,0x00000000f9c00000)
 ParOldGen       total 349696K, used 349695K [0x00000000e0000000, 0x00000000f5580000, 0x00000000f5580000)
  object space 349696K, 99% used [0x00000000e0000000,0x00000000f557fe50,0x00000000f5580000)
 Metaspace       used 50769K, committed 51520K, reserved 1097728K
  class space    used 4840K, committed 5184K, reserved 1048576K
}
Event: 1336.446 GC heap after
{Heap after GC invocations=644 (full 531):
 PSYoungGen      total 44544K, used 19967K [0x00000000f5580000, 0x00000000f9c00000, 0x0000000100000000)
  eden space 19968K, 99% used [0x00000000f5580000,0x00000000f68fff88,0x00000000f6900000)
  from space 24576K, 0% used [0x00000000f8400000,0x00000000f8400000,0x00000000f9c00000)
  to   space 25600K, 0% used [0x00000000f6900000,0x00000000f6900000,0x00000000f8200000)
 ParOldGen       total 349696K, used 349695K [0x00000000e0000000, 0x00000000f5580000, 0x00000000f5580000)
  object space 349696K, 99% used [0x00000000e0000000,0x00000000f557fe50,0x00000000f5580000)
 Metaspace       used 50769K, committed 51520K, reserved 1097728K
  class space    used 4840K, committed 5184K, reserved 1048576K
}
Event: 1336.446 GC heap before
{Heap before GC invocations=645 (full 532):
 PSYoungGen      total 44544K, used 19967K [0x00000000f5580000, 0x00000000f9c00000, 0x0000000100000000)
  eden space 19968K, 99% used [0x00000000f5580000,0x00000000f68fffe0,0x00000000f6900000)
  from space 24576K, 0% used [0x00000000f8400000,0x00000000f8400000,0x00000000f9c00000)
  to   space 25600K, 0% used [0x00000000f6900000,0x00000000f6900000,0x00000000f8200000)
 ParOldGen       total 349696K, used 349695K [0x00000000e0000000, 0x00000000f5580000, 0x00000000f5580000)
  object space 349696K, 99% used [0x00000000e0000000,0x00000000f557fe50,0x00000000f5580000)
 Metaspace       used 50769K, committed 51520K, reserved 1097728K
  class space    used 4840K, committed 5184K, reserved 1048576K
}
Event: 1338.640 GC heap after
{Heap after GC invocations=645 (full 532):
 PSYoungGen      total 45568K, used 19967K [0x00000000f5580000, 0x00000000f9c00000, 0x0000000100000000)
  eden space 19968K, 99% used [0x00000000f5580000,0x00000000f68fffc0,0x00000000f6900000)
  from space 25600K, 0% used [0x00000000f6900000,0x00000000f6900000,0x00000000f8200000)
  to   space 24576K, 0% used [0x00000000f8400000,0x00000000f8400000,0x00000000f9c00000)
 ParOldGen       total 349696K, used 349695K [0x00000000e0000000, 0x00000000f5580000, 0x00000000f5580000)
  object space 349696K, 99% used [0x00000000e0000000,0x00000000f557fe50,0x00000000f5580000)
 Metaspace       used 50769K, committed 51520K, reserved 1097728K
  class space    used 4840K, committed 5184K, reserved 1048576K
}
Event: 1338.641 GC heap before
{Heap before GC invocations=646 (full 533):
 PSYoungGen      total 45568K, used 19968K [0x00000000f5580000, 0x00000000f9c00000, 0x0000000100000000)
  eden space 19968K, 100% used [0x00000000f5580000,0x00000000f6900000,0x00000000f6900000)
  from space 25600K, 0% used [0x00000000f6900000,0x00000000f6900000,0x00000000f8200000)
  to   space 24576K, 0% used [0x00000000f8400000,0x00000000f8400000,0x00000000f9c00000)
 ParOldGen       total 349696K, used 349695K [0x00000000e0000000, 0x00000000f5580000, 0x00000000f5580000)
  object space 349696K, 99% used [0x00000000e0000000,0x00000000f557fe50,0x00000000f5580000)
 Metaspace       used 50769K, committed 51520K, reserved 1097728K
  class space    used 4840K, committed 5184K, reserved 1048576K
}
Event: 1340.924 GC heap after
{Heap after GC invocations=646 (full 533):
 PSYoungGen      total 44544K, used 19967K [0x00000000f5580000, 0x00000000f9c00000, 0x0000000100000000)
  eden space 19968K, 99% used [0x00000000f5580000,0x00000000f68fff50,0x00000000f6900000)
  from space 24576K, 0% used [0x00000000f8400000,0x00000000f8400000,0x00000000f9c00000)
  to   space 25600K, 0% used [0x00000000f6900000,0x00000000f6900000,0x00000000f8200000)
 ParOldGen       total 349696K, used 349695K [0x00000000e0000000, 0x00000000f5580000, 0x00000000f5580000)
  object space 349696K, 99% used [0x00000000e0000000,0x00000000f557fe50,0x00000000f5580000)
 Metaspace       used 50769K, committed 51520K, reserved 1097728K
  class space    used 4840K, committed 5184K, reserved 1048576K
}
Event: 1340.926 GC heap before
{Heap before GC invocations=647 (full 534):
 PSYoungGen      total 44544K, used 19967K [0x00000000f5580000, 0x00000000f9c00000, 0x0000000100000000)
  eden space 19968K, 99% used [0x00000000f5580000,0x00000000f68fffa8,0x00000000f6900000)
  from space 24576K, 0% used [0x00000000f8400000,0x00000000f8400000,0x00000000f9c00000)
  to   space 25600K, 0% used [0x00000000f6900000,0x00000000f6900000,0x00000000f8200000)
 ParOldGen       total 349696K, used 349695K [0x00000000e0000000, 0x00000000f5580000, 0x00000000f5580000)
  object space 349696K, 99% used [0x00000000e0000000,0x00000000f557fe50,0x00000000f5580000)
 Metaspace       used 50769K, committed 51520K, reserved 1097728K
  class space    used 4840K, committed 5184K, reserved 1048576K
}
Event: 1343.224 GC heap after
{Heap after GC invocations=647 (full 534):
 PSYoungGen      total 45568K, used 19967K [0x00000000f5580000, 0x00000000f9c00000, 0x0000000100000000)
  eden space 19968K, 99% used [0x00000000f5580000,0x00000000f68ffea8,0x00000000f6900000)
  from space 25600K, 0% used [0x00000000f6900000,0x00000000f6900000,0x00000000f8200000)
  to   space 24576K, 0% used [0x00000000f8400000,0x00000000f8400000,0x00000000f9c00000)
 ParOldGen       total 349696K, used 349695K [0x00000000e0000000, 0x00000000f5580000, 0x00000000f5580000)
  object space 349696K, 99% used [0x00000000e0000000,0x00000000f557fe38,0x00000000f5580000)
 Metaspace       used 50769K, committed 51520K, reserved 1097728K
  class space    used 4840K, committed 5184K, reserved 1048576K
}
Event: 1343.228 GC heap before
{Heap before GC invocations=648 (full 535):
 PSYoungGen      total 45568K, used 19967K [0x00000000f5580000, 0x00000000f9c00000, 0x0000000100000000)
  eden space 19968K, 99% used [0x00000000f5580000,0x00000000f68ffff0,0x00000000f6900000)
  from space 25600K, 0% used [0x00000000f6900000,0x00000000f6900000,0x00000000f8200000)
  to   space 24576K, 0% used [0x00000000f8400000,0x00000000f8400000,0x00000000f9c00000)
 ParOldGen       total 349696K, used 349695K [0x00000000e0000000, 0x00000000f5580000, 0x00000000f5580000)
  object space 349696K, 99% used [0x00000000e0000000,0x00000000f557fe38,0x00000000f5580000)
 Metaspace       used 50769K, committed 51520K, reserved 1097728K
  class space    used 4840K, committed 5184K, reserved 1048576K
}
Event: 1345.349 GC heap after
{Heap after GC invocations=648 (full 535):
 PSYoungGen      total 44544K, used 19967K [0x00000000f5580000, 0x00000000f9c00000, 0x0000000100000000)
  eden space 19968K, 99% used [0x00000000f5580000,0x00000000f68ffff0,0x00000000f6900000)
  from space 24576K, 0% used [0x00000000f8400000,0x00000000f8400000,0x00000000f9c00000)
  to   space 25600K, 0% used [0x00000000f6900000,0x00000000f6900000,0x00000000f8200000)
 ParOldGen       total 349696K, used 349695K [0x00000000e0000000, 0x00000000f5580000, 0x00000000f5580000)
  object space 349696K, 99% used [0x00000000e0000000,0x00000000f557fe38,0x00000000f5580000)
 Metaspace       used 50769K, committed 51520K, reserved 1097728K
  class space    used 4840K, committed 5184K, reserved 1048576K
}
Event: 1345.351 GC heap before
{Heap before GC invocations=649 (full 536):
 PSYoungGen      total 44544K, used 19968K [0x00000000f5580000, 0x00000000f9c00000, 0x0000000100000000)
  eden space 19968K, 100% used [0x00000000f5580000,0x00000000f6900000,0x00000000f6900000)
  from space 24576K, 0% used [0x00000000f8400000,0x00000000f8400000,0x00000000f9c00000)
  to   space 25600K, 0% used [0x00000000f6900000,0x00000000f6900000,0x00000000f8200000)
 ParOldGen       total 349696K, used 349695K [0x00000000e0000000, 0x00000000f5580000, 0x00000000f5580000)
  object space 349696K, 99% used [0x00000000e0000000,0x00000000f557fff8,0x00000000f5580000)
 Metaspace       used 50769K, committed 51520K, reserved 1097728K
  class space    used 4840K, committed 5184K, reserved 1048576K
}
Event: 1347.554 GC heap after
{Heap after GC invocations=649 (full 536):
 PSYoungGen      total 45568K, used 19967K [0x00000000f5580000, 0x00000000f9c00000, 0x0000000100000000)
  eden space 19968K, 99% used [0x00000000f5580000,0x00000000f68ffff0,0x00000000f6900000)
  from space 25600K, 0% used [0x00000000f6900000,0x00000000f6900000,0x00000000f8200000)
  to   space 24576K, 0% used [0x00000000f8400000,0x00000000f8400000,0x00000000f9c00000)
 ParOldGen       total 349696K, used 349695K [0x00000000e0000000, 0x00000000f5580000, 0x00000000f5580000)
  object space 349696K, 99% used [0x00000000e0000000,0x00000000f557fff8,0x00000000f5580000)
 Metaspace       used 50769K, committed 51520K, reserved 1097728K
  class space    used 4840K, committed 5184K, reserved 1048576K
}
Event: 1347.555 GC heap before
{Heap before GC invocations=650 (full 537):
 PSYoungGen      total 45568K, used 19968K [0x00000000f5580000, 0x00000000f9c00000, 0x0000000100000000)
  eden space 19968K, 100% used [0x00000000f5580000,0x00000000f6900000,0x00000000f6900000)
  from space 25600K, 0% used [0x00000000f6900000,0x00000000f6900000,0x00000000f8200000)
  to   space 24576K, 0% used [0x00000000f8400000,0x00000000f8400000,0x00000000f9c00000)
 ParOldGen       total 349696K, used 349695K [0x00000000e0000000, 0x00000000f5580000, 0x00000000f5580000)
  object space 349696K, 99% used [0x00000000e0000000,0x00000000f557fff8,0x00000000f5580000)
 Metaspace       used 50769K, committed 51520K, reserved 1097728K
  class space    used 4840K, committed 5184K, reserved 1048576K
}
Event: 1349.872 GC heap after
{Heap after GC invocations=650 (full 537):
 PSYoungGen      total 44544K, used 19967K [0x00000000f5580000, 0x00000000f9c00000, 0x0000000100000000)
  eden space 19968K, 99% used [0x00000000f5580000,0x00000000f68ffff0,0x00000000f6900000)
  from space 24576K, 0% used [0x00000000f8400000,0x00000000f8400000,0x00000000f9c00000)
  to   space 25600K, 0% used [0x00000000f6900000,0x00000000f6900000,0x00000000f8200000)
 ParOldGen       total 349696K, used 349695K [0x00000000e0000000, 0x00000000f5580000, 0x00000000f5580000)
  object space 349696K, 99% used [0x00000000e0000000,0x00000000f557fff8,0x00000000f5580000)
 Metaspace       used 50769K, committed 51520K, reserved 1097728K
  class space    used 4840K, committed 5184K, reserved 1048576K
}
Event: 1349.872 GC heap before
{Heap before GC invocations=651 (full 538):
 PSYoungGen      total 44544K, used 19967K [0x00000000f5580000, 0x00000000f9c00000, 0x0000000100000000)
  eden space 19968K, 99% used [0x00000000f5580000,0x00000000f68ffff0,0x00000000f6900000)
  from space 24576K, 0% used [0x00000000f8400000,0x00000000f8400000,0x00000000f9c00000)
  to   space 25600K, 0% used [0x00000000f6900000,0x00000000f6900000,0x00000000f8200000)
 ParOldGen       total 349696K, used 349695K [0x00000000e0000000, 0x00000000f5580000, 0x00000000f5580000)
  object space 349696K, 99% used [0x00000000e0000000,0x00000000f557fff8,0x00000000f5580000)
 Metaspace       used 50769K, committed 51520K, reserved 1097728K
  class space    used 4840K, committed 5184K, reserved 1048576K
}
Event: 1352.319 GC heap after
{Heap after GC invocations=651 (full 538):
 PSYoungGen      total 45568K, used 19967K [0x00000000f5580000, 0x00000000f9c00000, 0x0000000100000000)
  eden space 19968K, 99% used [0x00000000f5580000,0x00000000f68ffff0,0x00000000f6900000)
  from space 25600K, 0% used [0x00000000f6900000,0x00000000f6900000,0x00000000f8200000)
  to   space 24576K, 0% used [0x00000000f8400000,0x00000000f8400000,0x00000000f9c00000)
 ParOldGen       total 349696K, used 349695K [0x00000000e0000000, 0x00000000f5580000, 0x00000000f5580000)
  object space 349696K, 99% used [0x00000000e0000000,0x00000000f557fff8,0x00000000f5580000)
 Metaspace       used 50769K, committed 51520K, reserved 1097728K
  class space    used 4840K, committed 5184K, reserved 1048576K
}

